<?xml version="1.0" encoding="UTF-8"?>
<!-- Generated by org.testng.reporters.JUnitXMLReporter -->
<testsuite hostname="Sanjib-PC" ignored="6" name="Default test" tests="1" failures="0" timestamp="29 Jul 2019 10:24:08 GMT" time="12.846" errors="0">
  <testcase name="validateCatPageNameTest" time="0.08" classname="com.cakesclub.qa.testcases.CategoriesPageTest"/>
  <testcase name="updateSubCategoryTest" time="0.0" classname="com.cakesclub.qa.testcases.CategoriesPageTest">
    <ignored/>
  </testcase> <!-- updateSubCategoryTest -->
  <testcase name="deleteSubCategoryTest" time="0.0" classname="com.cakesclub.qa.testcases.CategoriesPageTest">
    <ignored/>
  </testcase> <!-- deleteSubCategoryTest -->
  <testcase name="updateCategoryTest" time="0.0" classname="com.cakesclub.qa.testcases.CategoriesPageTest">
    <ignored/>
  </testcase> <!-- updateCategoryTest -->
  <testcase name="addCategoryTest" time="0.0" classname="com.cakesclub.qa.testcases.CategoriesPageTest">
    <ignored/>
  </testcase> <!-- addCategoryTest -->
  <testcase name="deleteCategoryTest" time="0.0" classname="com.cakesclub.qa.testcases.CategoriesPageTest">
    <ignored/>
  </testcase> <!-- deleteCategoryTest -->
  <testcase name="addSubCategoryTest" time="0.0" classname="com.cakesclub.qa.testcases.CategoriesPageTest">
    <ignored/>
  </testcase> <!-- addSubCategoryTest -->
</testsuite> <!-- Default test -->
